This is pdfTeX, Version 3.1415926-2.3-1.40.12 (MiKTeX 2.9) (preloaded format=pdflatex 2012.11.5)  23 SEP 2014 14:13
entering extended mode
**praca.tex
(C:\Users\freak\Dropbox\offcalendar\mgr\praca.tex
LaTeX2e <2011/06/27>
Babel <v3.8m> and hyphenation patterns for english, afrikaans, ancientgreek, ar
abic, armenian, assamese, basque, bengali, bokmal, bulgarian, catalan, coptic, 
croatian, czech, danish, dutch, esperanto, estonian, farsi, finnish, french, ga
lician, german, german-x-2009-06-19, greek, gujarati, hindi, hungarian, iceland
ic, indonesian, interlingua, irish, italian, kannada, kurmanji, lao, latin, lat
vian, lithuanian, malayalam, marathi, mongolian, mongolianlmc, monogreek, ngerm
an, ngerman-x-2009-06-19, nynorsk, oriya, panjabi, pinyin, polish, portuguese, 
romanian, russian, sanskrit, serbian, slovak, slovenian, spanish, swedish, swis
sgerman, tamil, telugu, turkish, turkmen, ukenglish, ukrainian, uppersorbian, u
senglishmax, welsh, loaded.
(C:\Users\freak\Dropbox\offcalendar\mgr\aghdpl.cls
*** [aghdpl.cls] --- (MSz, GJN) v2.0.1 <24.06.2014> ***
Document Class: aghdpl 
(D:\latex\tex\latex\base\report.cls
Document Class: report 2007/10/19 v1.4h Standard LaTeX document class
(D:\latex\tex\latex\base\size11.clo
File: size11.clo 2007/10/19 v1.4h Standard LaTeX file (size option)
)
\c@part=\count79
\c@chapter=\count80
\c@section=\count81
\c@subsection=\count82
\c@subsubsection=\count83
\c@paragraph=\count84
\c@subparagraph=\count85
\c@figure=\count86
\c@table=\count87
\abovecaptionskip=\skip41
\belowcaptionskip=\skip42
\bibindent=\dimen102
) (D:\latex\tex\latex\psnfss\times.sty
Package: times 2005/04/12 PSNFSS-v9.2a (SPQR) 
)
(D:\latex\tex\latex\base\fontenc.sty
Package: fontenc 2005/09/27 v1.99g Standard LaTeX package
 (D:\latex\tex\latex\base\t1enc.def
File: t1enc.def 2005/09/27 v1.99g Standard LaTeX file
LaTeX Font Info:    Redeclaring font encoding T1 on input line 43.
))
(D:\latex\tex\latex\graphics\graphicx.sty
Package: graphicx 1999/02/16 v1.0f Enhanced LaTeX Graphics (DPC,SPQR)

(D:\latex\tex\latex\graphics\keyval.sty
Package: keyval 1999/03/16 v1.13 key=value parser (DPC)
\KV@toks@=\toks14
)
(D:\latex\tex\latex\graphics\graphics.sty
Package: graphics 2009/02/05 v1.0o Standard LaTeX Graphics (DPC,SPQR)
 (D:\latex\tex\latex\graphics\trig.sty
Package: trig 1999/03/16 v1.09 sin cos tan (DPC)
) (D:\latex\tex\latex\00miktex\graphics.cfg
File: graphics.cfg 2007/01/18 v1.5 graphics configuration of teTeX/TeXLive
)
Package graphics Info: Driver file: pdftex.def on input line 91.

(D:\latex\tex\latex\pdftex-def\pdftex.def
File: pdftex.def 2011/05/27 v0.06d Graphics/color for pdfTeX

(D:\latex\tex\generic\oberdiek\infwarerr.sty
Package: infwarerr 2010/04/08 v1.3 Providing info/warning/error messages (HO)
)
(D:\latex\tex\generic\oberdiek\ltxcmds.sty
Package: ltxcmds 2011/11/09 v1.22 LaTeX kernel commands for general use (HO)
)
\Gread@gobject=\count88
))
\Gin@req@height=\dimen103
\Gin@req@width=\dimen104
)
(D:\latex\tex\latex\geometry\geometry.sty
Package: geometry 2010/09/12 v5.6 Page Geometry

(D:\latex\tex\generic\oberdiek\ifpdf.sty
Package: ifpdf 2011/01/30 v2.3 Provides the ifpdf switch (HO)
Package ifpdf Info: pdfTeX in PDF mode is detected.
)
(D:\latex\tex\generic\oberdiek\ifvtex.sty
Package: ifvtex 2010/03/01 v1.5 Detect VTeX and its facilities (HO)
Package ifvtex Info: VTeX not detected.
)
(D:\latex\tex\generic\ifxetex\ifxetex.sty
Package: ifxetex 2010/09/12 v0.6 Provides ifxetex conditional
)
\Gm@cnth=\count89
\Gm@cntv=\count90
\c@Gm@tempcnt=\count91
\Gm@bindingoffset=\dimen105
\Gm@wd@mp=\dimen106
\Gm@odd@mp=\dimen107
\Gm@even@mp=\dimen108
\Gm@layoutwidth=\dimen109
\Gm@layoutheight=\dimen110
\Gm@layouthoffset=\dimen111
\Gm@layoutvoffset=\dimen112
\Gm@dimlist=\toks15

(D:\latex\tex\latex\geometry\geometry.cfg))
(D:\latex\tex\latex\graphics\color.sty
Package: color 2005/11/14 v1.0j Standard LaTeX Color (DPC)
 (D:\latex\tex\latex\00miktex\color.cfg
File: color.cfg 2007/01/18 v1.5 color configuration of teTeX/TeXLive
)
Package color Info: Driver file: pdftex.def on input line 130.
) (D:\latex\tex\latex\fancyhdr\fancyhdr.sty
\fancy@headwidth=\skip43
\f@ncyO@elh=\skip44
\f@ncyO@erh=\skip45
\f@ncyO@olh=\skip46
\f@ncyO@orh=\skip47
\f@ncyO@elf=\skip48
\f@ncyO@erf=\skip49
\f@ncyO@olf=\skip50
\f@ncyO@orf=\skip51
) (D:\latex\tex\latex\ltxmisc\url.sty
\Urlmuskip=\muskip10
Package: url 2006/04/12  ver 3.3  Verb mode for urls, etc.
) (D:\latex\tex\latex\titlesec\titlesec.sty
Package: titlesec 2011/12/15 v2.10.0 Sectioning titles
\ttl@box=\box26
\beforetitleunit=\skip52
\aftertitleunit=\skip53
\ttl@plus=\dimen113
\ttl@minus=\dimen114
\ttl@toksa=\toks16
\titlewidth=\dimen115
\titlewidthlast=\dimen116
\titlewidthfirst=\dimen117
)
(D:\latex\tex\latex\tocloft\tocloft.sty
Package: tocloft 2010/10/13 v2.3e parameterised ToC, etc., typesetting
Package tocloft Info: The document has chapter divisions on input line 43.
\cftparskip=\skip54
\cftbeforetoctitleskip=\skip55
\cftaftertoctitleskip=\skip56
\cftbeforepartskip=\skip57
\cftpartnumwidth=\skip58
\cftpartindent=\skip59
\cftbeforechapskip=\skip60
\cftchapindent=\skip61
\cftchapnumwidth=\skip62
\cftbeforesecskip=\skip63
\cftsecindent=\skip64
\cftsecnumwidth=\skip65
\cftbeforesubsecskip=\skip66
\cftsubsecindent=\skip67
\cftsubsecnumwidth=\skip68
\cftbeforesubsubsecskip=\skip69
\cftsubsubsecindent=\skip70
\cftsubsubsecnumwidth=\skip71
\cftbeforeparaskip=\skip72
\cftparaindent=\skip73
\cftparanumwidth=\skip74
\cftbeforesubparaskip=\skip75
\cftsubparaindent=\skip76
\cftsubparanumwidth=\skip77
\cftbeforeloftitleskip=\skip78
\cftafterloftitleskip=\skip79
\cftbeforefigskip=\skip80
\cftfigindent=\skip81
\cftfignumwidth=\skip82
\c@lofdepth=\count92
\c@lotdepth=\count93
\cftbeforelottitleskip=\skip83
\cftafterlottitleskip=\skip84
\cftbeforetabskip=\skip85
\cfttabindent=\skip86
\cfttabnumwidth=\skip87
) (D:\latex\tex\latex\titlesec\block.tss
File: block.tss 2011/12/15
)) (D:\latex\tex\generic\babel\babel.sty
Package: babel 2008/07/08 v3.8m The Babel package

*************************************
* Local config file bblopts.cfg used
*
(D:\latex\tex\latex\00miktex\bblopts.cfg
File: bblopts.cfg 2006/07/31 v1.0 MiKTeX 'babel' configuration
)
(D:\latex\tex\generic\babel\polish.ldf
Language: polish 2005/03/31 v1.2l Polish support from the babel system
 (D:\latex\tex\generic\babel\babel.def
File: babel.def 2008/07/08 v3.8m Babel common definitions
\babel@savecnt=\count94
\U@D=\dimen118
)
Package babel Info: Making " an active character on input line 83.
\pl@left=\dimen119
\pl@down=\dimen120
\pl@right=\dimen121
\pl@temp=\dimen122
)) (D:\latex\tex\latex\base\inputenc.sty
Package: inputenc 2008/03/30 v1.1d Input encoding file
\inpenc@prehook=\toks17
\inpenc@posthook=\toks18
 (D:\latex\tex\latex\base\utf8.def
File: utf8.def 2008/04/05 v1.1m UTF-8 support for inputenc
Now handling font encoding OML ...
... no UTF-8 mapping file for font encoding OML
Now handling font encoding T1 ...
... processing UTF-8 mapping file for font encoding T1

(D:\latex\tex\latex\base\t1enc.dfu
File: t1enc.dfu 2008/04/05 v1.1m UTF-8 support for inputenc
   defining Unicode char U+00A1 (decimal 161)
   defining Unicode char U+00A3 (decimal 163)
   defining Unicode char U+00AB (decimal 171)
   defining Unicode char U+00BB (decimal 187)
   defining Unicode char U+00BF (decimal 191)
   defining Unicode char U+00C0 (decimal 192)
   defining Unicode char U+00C1 (decimal 193)
   defining Unicode char U+00C2 (decimal 194)
   defining Unicode char U+00C3 (decimal 195)
   defining Unicode char U+00C4 (decimal 196)
   defining Unicode char U+00C5 (decimal 197)
   defining Unicode char U+00C6 (decimal 198)
   defining Unicode char U+00C7 (decimal 199)
   defining Unicode char U+00C8 (decimal 200)
   defining Unicode char U+00C9 (decimal 201)
   defining Unicode char U+00CA (decimal 202)
   defining Unicode char U+00CB (decimal 203)
   defining Unicode char U+00CC (decimal 204)
   defining Unicode char U+00CD (decimal 205)
   defining Unicode char U+00CE (decimal 206)
   defining Unicode char U+00CF (decimal 207)
   defining Unicode char U+00D0 (decimal 208)
   defining Unicode char U+00D1 (decimal 209)
   defining Unicode char U+00D2 (decimal 210)
   defining Unicode char U+00D3 (decimal 211)
   defining Unicode char U+00D4 (decimal 212)
   defining Unicode char U+00D5 (decimal 213)
   defining Unicode char U+00D6 (decimal 214)
   defining Unicode char U+00D8 (decimal 216)
   defining Unicode char U+00D9 (decimal 217)
   defining Unicode char U+00DA (decimal 218)
   defining Unicode char U+00DB (decimal 219)
   defining Unicode char U+00DC (decimal 220)
   defining Unicode char U+00DD (decimal 221)
   defining Unicode char U+00DE (decimal 222)
   defining Unicode char U+00DF (decimal 223)
   defining Unicode char U+00E0 (decimal 224)
   defining Unicode char U+00E1 (decimal 225)
   defining Unicode char U+00E2 (decimal 226)
   defining Unicode char U+00E3 (decimal 227)
   defining Unicode char U+00E4 (decimal 228)
   defining Unicode char U+00E5 (decimal 229)
   defining Unicode char U+00E6 (decimal 230)
   defining Unicode char U+00E7 (decimal 231)
   defining Unicode char U+00E8 (decimal 232)
   defining Unicode char U+00E9 (decimal 233)
   defining Unicode char U+00EA (decimal 234)
   defining Unicode char U+00EB (decimal 235)
   defining Unicode char U+00EC (decimal 236)
   defining Unicode char U+00ED (decimal 237)
   defining Unicode char U+00EE (decimal 238)
   defining Unicode char U+00EF (decimal 239)
   defining Unicode char U+00F0 (decimal 240)
   defining Unicode char U+00F1 (decimal 241)
   defining Unicode char U+00F2 (decimal 242)
   defining Unicode char U+00F3 (decimal 243)
   defining Unicode char U+00F4 (decimal 244)
   defining Unicode char U+00F5 (decimal 245)
   defining Unicode char U+00F6 (decimal 246)
   defining Unicode char U+00F8 (decimal 248)
   defining Unicode char U+00F9 (decimal 249)
   defining Unicode char U+00FA (decimal 250)
   defining Unicode char U+00FB (decimal 251)
   defining Unicode char U+00FC (decimal 252)
   defining Unicode char U+00FD (decimal 253)
   defining Unicode char U+00FE (decimal 254)
   defining Unicode char U+00FF (decimal 255)
   defining Unicode char U+0102 (decimal 258)
   defining Unicode char U+0103 (decimal 259)
   defining Unicode char U+0104 (decimal 260)
   defining Unicode char U+0105 (decimal 261)
   defining Unicode char U+0106 (decimal 262)
   defining Unicode char U+0107 (decimal 263)
   defining Unicode char U+010C (decimal 268)
   defining Unicode char U+010D (decimal 269)
   defining Unicode char U+010E (decimal 270)
   defining Unicode char U+010F (decimal 271)
   defining Unicode char U+0110 (decimal 272)
   defining Unicode char U+0111 (decimal 273)
   defining Unicode char U+0118 (decimal 280)
   defining Unicode char U+0119 (decimal 281)
   defining Unicode char U+011A (decimal 282)
   defining Unicode char U+011B (decimal 283)
   defining Unicode char U+011E (decimal 286)
   defining Unicode char U+011F (decimal 287)
   defining Unicode char U+0130 (decimal 304)
   defining Unicode char U+0131 (decimal 305)
   defining Unicode char U+0132 (decimal 306)
   defining Unicode char U+0133 (decimal 307)
   defining Unicode char U+0139 (decimal 313)
   defining Unicode char U+013A (decimal 314)
   defining Unicode char U+013D (decimal 317)
   defining Unicode char U+013E (decimal 318)
   defining Unicode char U+0141 (decimal 321)
   defining Unicode char U+0142 (decimal 322)
   defining Unicode char U+0143 (decimal 323)
   defining Unicode char U+0144 (decimal 324)
   defining Unicode char U+0147 (decimal 327)
   defining Unicode char U+0148 (decimal 328)
   defining Unicode char U+014A (decimal 330)
   defining Unicode char U+014B (decimal 331)
   defining Unicode char U+0150 (decimal 336)
   defining Unicode char U+0151 (decimal 337)
   defining Unicode char U+0152 (decimal 338)
   defining Unicode char U+0153 (decimal 339)
   defining Unicode char U+0154 (decimal 340)
   defining Unicode char U+0155 (decimal 341)
   defining Unicode char U+0158 (decimal 344)
   defining Unicode char U+0159 (decimal 345)
   defining Unicode char U+015A (decimal 346)
   defining Unicode char U+015B (decimal 347)
   defining Unicode char U+015E (decimal 350)
   defining Unicode char U+015F (decimal 351)
   defining Unicode char U+0160 (decimal 352)
   defining Unicode char U+0161 (decimal 353)
   defining Unicode char U+0162 (decimal 354)
   defining Unicode char U+0163 (decimal 355)
   defining Unicode char U+0164 (decimal 356)
   defining Unicode char U+0165 (decimal 357)
   defining Unicode char U+016E (decimal 366)
   defining Unicode char U+016F (decimal 367)
   defining Unicode char U+0170 (decimal 368)
   defining Unicode char U+0171 (decimal 369)
   defining Unicode char U+0178 (decimal 376)
   defining Unicode char U+0179 (decimal 377)
   defining Unicode char U+017A (decimal 378)
   defining Unicode char U+017B (decimal 379)
   defining Unicode char U+017C (decimal 380)
   defining Unicode char U+017D (decimal 381)
   defining Unicode char U+017E (decimal 382)
   defining Unicode char U+200C (decimal 8204)
   defining Unicode char U+2013 (decimal 8211)
   defining Unicode char U+2014 (decimal 8212)
   defining Unicode char U+2018 (decimal 8216)
   defining Unicode char U+2019 (decimal 8217)
   defining Unicode char U+201A (decimal 8218)
   defining Unicode char U+201C (decimal 8220)
   defining Unicode char U+201D (decimal 8221)
   defining Unicode char U+201E (decimal 8222)
   defining Unicode char U+2030 (decimal 8240)
   defining Unicode char U+2031 (decimal 8241)
   defining Unicode char U+2039 (decimal 8249)
   defining Unicode char U+203A (decimal 8250)
   defining Unicode char U+2423 (decimal 9251)
)
Now handling font encoding OT1 ...
... processing UTF-8 mapping file for font encoding OT1
 (D:\latex\tex\latex\base\ot1enc.dfu
File: ot1enc.dfu 2008/04/05 v1.1m UTF-8 support for inputenc
   defining Unicode char U+00A1 (decimal 161)
   defining Unicode char U+00A3 (decimal 163)
   defining Unicode char U+00B8 (decimal 184)
   defining Unicode char U+00BF (decimal 191)
   defining Unicode char U+00C5 (decimal 197)
   defining Unicode char U+00C6 (decimal 198)
   defining Unicode char U+00D8 (decimal 216)
   defining Unicode char U+00DF (decimal 223)
   defining Unicode char U+00E6 (decimal 230)
   defining Unicode char U+00EC (decimal 236)
   defining Unicode char U+00ED (decimal 237)
   defining Unicode char U+00EE (decimal 238)
   defining Unicode char U+00EF (decimal 239)
   defining Unicode char U+00F8 (decimal 248)
   defining Unicode char U+0131 (decimal 305)
   defining Unicode char U+0141 (decimal 321)
   defining Unicode char U+0142 (decimal 322)
   defining Unicode char U+0152 (decimal 338)
   defining Unicode char U+0153 (decimal 339)
   defining Unicode char U+2013 (decimal 8211)
   defining Unicode char U+2014 (decimal 8212)
   defining Unicode char U+2018 (decimal 8216)
   defining Unicode char U+2019 (decimal 8217)
   defining Unicode char U+201C (decimal 8220)
   defining Unicode char U+201D (decimal 8221)
)
Now handling font encoding OMS ...
... processing UTF-8 mapping file for font encoding OMS

(D:\latex\tex\latex\base\omsenc.dfu
File: omsenc.dfu 2008/04/05 v1.1m UTF-8 support for inputenc
   defining Unicode char U+00A7 (decimal 167)
   defining Unicode char U+00B6 (decimal 182)
   defining Unicode char U+00B7 (decimal 183)
   defining Unicode char U+2020 (decimal 8224)
   defining Unicode char U+2021 (decimal 8225)
   defining Unicode char U+2022 (decimal 8226)
)
Now handling font encoding OMX ...
... no UTF-8 mapping file for font encoding OMX
Now handling font encoding U ...
... no UTF-8 mapping file for font encoding U
   defining Unicode char U+00A9 (decimal 169)
   defining Unicode char U+00AA (decimal 170)
   defining Unicode char U+00AE (decimal 174)
   defining Unicode char U+00BA (decimal 186)
   defining Unicode char U+02C6 (decimal 710)
   defining Unicode char U+02DC (decimal 732)
   defining Unicode char U+200C (decimal 8204)
   defining Unicode char U+2026 (decimal 8230)
   defining Unicode char U+2122 (decimal 8482)
   defining Unicode char U+2423 (decimal 9251)
)) (D:\latex\tex\latex\tools\enumerate.sty
Package: enumerate 1999/03/05 v3.00 enumerate extensions (DPC)
\@enLab=\toks19
) (D:\latex\tex\latex\listings\listings.sty
\lst@mode=\count95
\lst@gtempboxa=\box27
\lst@token=\toks20
\lst@length=\count96
\lst@currlwidth=\dimen123
\lst@column=\count97
\lst@pos=\count98
\lst@lostspace=\dimen124
\lst@width=\dimen125
\lst@newlines=\count99
\lst@lineno=\count100
\lst@maxwidth=\dimen126

(D:\latex\tex\latex\listings\lstmisc.sty
File: lstmisc.sty 2007/02/22 1.4 (Carsten Heinz)
\c@lstnumber=\count101
\lst@skipnumbers=\count102
\lst@framebox=\box28
)
(D:\latex\tex\latex\listings\listings.cfg
File: listings.cfg 2007/02/22 1.4 listings configuration
))
Package: listings 2007/02/22 1.4 (Carsten Heinz)

(D:\latex\tex\latex\listings\lstlang1.sty
File: lstlang1.sty 2004/09/05 1.3 listings language file
)
(D:\latex\tex\latex\listings\lstlang2.sty
File: lstlang2.sty 2004/09/05 1.3 listings language file
)
(D:\latex\tex\latex\listings\lstlang3.sty
File: lstlang3.sty 2004/09/05 1.3 listings language file
)
(D:\latex\tex\latex\psnfss\courier.sty
Package: courier 2005/04/12 PSNFSS-v9.2a (WaS) 
) (D:\latex\tex\latex\float\float.sty
Package: float 2001/11/08 v1.3d Float enhancements (AL)
\c@float@type=\count103
\float@exts=\toks21
\float@box=\box29
\@float@everytoks=\toks22
\@floatcapt=\box30
)

LaTeX Warning: Unused global option(s):
    [11pt].

(C:\Users\freak\Dropbox\offcalendar\mgr\praca.aux
(C:\Users\freak\Dropbox\offcalendar\mgr\rozdzial1.aux)
(C:\Users\freak\Dropbox\offcalendar\mgr\rozdzial2.aux)
(C:\Users\freak\Dropbox\offcalendar\mgr\rozdzial3.aux)
(C:\Users\freak\Dropbox\offcalendar\mgr\rozdzial4.aux

LaTeX Warning: Label `amb' multiply defined.


LaTeX Warning: Label `amb' multiply defined.


LaTeX Warning: Label `amb' multiply defined.


LaTeX Warning: Label `amb' multiply defined.


LaTeX Warning: Label `amb' multiply defined.


LaTeX Warning: Label `amb' multiply defined.


LaTeX Warning: Label `amb' multiply defined.


LaTeX Warning: Label `amb' multiply defined.


LaTeX Warning: Label `amb' multiply defined.


LaTeX Warning: Label `amb' multiply defined.


LaTeX Warning: Label `amb' multiply defined.


LaTeX Warning: Label `amb' multiply defined.


LaTeX Warning: Label `amb' multiply defined.


LaTeX Warning: Label `amb' multiply defined.


LaTeX Warning: Label `amb' multiply defined.


LaTeX Warning: Label `amb' multiply defined.


LaTeX Warning: Label `amb' multiply defined.


LaTeX Warning: Label `amb' multiply defined.


LaTeX Warning: Label `amb' multiply defined.


LaTeX Warning: Label `amb' multiply defined.


LaTeX Warning: Label `amb' multiply defined.


LaTeX Warning: Label `amb' multiply defined.


LaTeX Warning: Label `amb' multiply defined.

) (C:\Users\freak\Dropbox\offcalendar\mgr\rozdzial5.aux

LaTeX Warning: Label `amb' multiply defined.


LaTeX Warning: Label `amb' multiply defined.


LaTeX Warning: Label `amb' multiply defined.

) (C:\Users\freak\Dropbox\offcalendar\mgr\rozdzial6.aux))
LaTeX Font Info:    Checking defaults for OML/cmm/m/it on input line 65.
LaTeX Font Info:    ... okay on input line 65.
LaTeX Font Info:    Checking defaults for T1/cmr/m/n on input line 65.
LaTeX Font Info:    ... okay on input line 65.
LaTeX Font Info:    Checking defaults for OT1/cmr/m/n on input line 65.
LaTeX Font Info:    ... okay on input line 65.
LaTeX Font Info:    Checking defaults for OMS/cmsy/m/n on input line 65.
LaTeX Font Info:    ... okay on input line 65.
LaTeX Font Info:    Checking defaults for OMX/cmex/m/n on input line 65.
LaTeX Font Info:    ... okay on input line 65.
LaTeX Font Info:    Checking defaults for U/cmr/m/n on input line 65.
LaTeX Font Info:    ... okay on input line 65.
LaTeX Font Info:    Try loading font information for T1+ptm on input line 65.

(D:\latex\tex\latex\psnfss\t1ptm.fd
File: t1ptm.fd 2001/06/04 font definitions for T1/ptm.
) (D:\latex\tex\context\base\supp-pdf.mkii
[Loading MPS to PDF converter (version 2006.09.02).]
\scratchcounter=\count104
\scratchdimen=\dimen127
\scratchbox=\box31
\nofMPsegments=\count105
\nofMParguments=\count106
\everyMPshowfont=\toks23
\MPscratchCnt=\count107
\MPscratchDim=\dimen128
\MPnumerator=\count108
\makeMPintoPDFobject=\count109
\everyMPtoPDFconversion=\toks24
)
*geometry* driver: auto-detecting
*geometry* detected driver: pdftex
*geometry* verbose mode - [ preamble ] result:
* driver: pdftex
* paper: <default>
* layout: <same size as paper>
* layoutoffset:(h,v)=(0.0pt,0.0pt)
* modes: twoside 
* h-part:(L,W,R)=(85.35826pt, 455.24411pt, 56.9055pt)
* v-part:(T,H,B)=(85.35826pt, 674.33032pt, 85.35826pt)
* \paperwidth=597.50787pt
* \paperheight=845.04684pt
* \textwidth=455.24411pt
* \textheight=674.33032pt
* \oddsidemargin=13.08827pt
* \evensidemargin=-15.36449pt
* \topmargin=-40.36447pt
* \headheight=28.45274pt
* \headsep=25.0pt
* \topskip=11.0pt
* \footskip=28.45274pt
* \marginparwidth=103.0pt
* \marginparsep=10.0pt
* \columnsep=10.0pt
* \skip\footins=10.0pt plus 4.0pt minus 2.0pt
* \hoffset=0.0pt
* \voffset=0.0pt
* \mag=1000
* \@twocolumnfalse
* \@twosidetrue
* \@mparswitchtrue
* \@reversemarginfalse
* (1in=72.27pt=25.4mm, 1cm=28.453pt)

\c@lstlisting=\count110
<agh.jpg, id=1, 146.4672pt x 284.7438pt>
File: agh.jpg Graphic file (type jpg)
 <use agh.jpg>
Package pdftex.def Info: agh.jpg used on input line 67.
(pdftex.def)             Requested size: 87.88098pt x 170.8476pt.
LaTeX Font Info:    Try loading font information for T1+phv on input line 67.

(D:\latex\tex\latex\psnfss\t1phv.fd
File: t1phv.fd 2001/06/04 scalable font definitions for T1/phv.
)
LaTeX Font Info:    Font shape `T1/phv/bx/n' in size <12> not available
(Font)              Font shape `T1/phv/b/n' tried instead on input line 67.
LaTeX Font Info:    Font shape `T1/phv/bx/sc' in size <12> not available
(Font)              Font shape `T1/phv/b/sc' tried instead on input line 67.
LaTeX Font Info:    Font shape `T1/phv/bx/n' in size <10> not available
(Font)              Font shape `T1/phv/b/n' tried instead on input line 67.
LaTeX Font Info:    Font shape `T1/phv/m/it' in size <14.4> not available
(Font)              Font shape `T1/phv/m/sl' tried instead on input line 67.
LaTeX Font Info:    External font `cmex10' loaded for size
(Font)              <10.95> on input line 67.
LaTeX Font Info:    External font `cmex10' loaded for size
(Font)              <8> on input line 67.
LaTeX Font Info:    External font `cmex10' loaded for size
(Font)              <6> on input line 67.
LaTeX Font Info:    Font shape `T1/phv/m/it' in size <10.95> not available
(Font)              Font shape `T1/phv/m/sl' tried instead on input line 67.
 [1

{C:/Users/freak/AppData/Local/MiKTeX/2.9/pdftex/config/pdftex.map} <C:/Users/fr
eak/Dropbox/offcalendar/mgr/agh.jpg>]
Underfull \hbox (badness 2903) in paragraph at lines 67--67
[]\T1/ptm/m/it/12 O±wiadczamy, ±wia-domi od-po-wie-dzial-no-±ci kar-nej za po-±
wiad-cze-nie nie-prawdy, »e
 []

[2

]
Underfull \hbox (badness 4013) in paragraph at lines 67--67
[]\T1/ptm/m/it/14.4 Skªadamy ser-deczne po-dzi¦-ko-wa-nia Panu dr
 []

[1

] [2

]
LaTeX Font Info:    Font shape `T1/ptm/bx/n' in size <10.95> not available
(Font)              Font shape `T1/ptm/b/n' tried instead on input line 69.
LaTeX Font Info:    Font shape `T1/ptm/bx/n' in size <14.4> not available
(Font)              Font shape `T1/ptm/b/n' tried instead on input line 69.
 (C:\Users\freak\Dropbox\offcalendar\mgr\praca.toc [5

])
\tf@toc=\write3
 [6]
(C:\Users\freak\Dropbox\offcalendar\mgr\rozdzial1.tex
Rozdzia\l  1.
LaTeX Font Info:    Font shape `T1/ptm/bx/n' in size <17.28> not available
(Font)              Font shape `T1/ptm/b/n' tried instead on input line 1.

Underfull \vbox (badness 6859) has occurred while \output is active []

 [7



])
[8] (C:\Users\freak\Dropbox\offcalendar\mgr\rozdzial2.tex
Rozdzia\l  2.
[9



]
LaTeX Font Info:    Font shape `T1/ptm/bx/n' in size <12> not available
(Font)              Font shape `T1/ptm/b/n' tried instead on input line 33.


LaTeX Warning: `h' float specifier changed to `ht'.

[10]

LaTeX Warning: `h' float specifier changed to `ht'.

[11] [12]
Underfull \vbox (badness 2005) has occurred while \output is active []

 [13]
LaTeX Font Info:    External font `cmex10' loaded for size
(Font)              <9> on input line 200.
LaTeX Font Info:    External font `cmex10' loaded for size
(Font)              <5> on input line 200.

[14] [15]
Underfull \vbox (badness 2698) has occurred while \output is active []

 [16]
[17] [18] [19]
Underfull \vbox (badness 10000) has occurred while \output is active []

 [20]
Underfull \vbox (badness 10000) has occurred while \output is active []

 [21]
[22]
Underfull \vbox (badness 10000) has occurred while \output is active []

 [23]
[24]) [25] (C:\Users\freak\Dropbox\offcalendar\mgr\rozdzial3.tex
Rozdzia\l  3.
[26



] [27]
LaTeX Font Info:    Try loading font information for T1+pcr on input line 54.
 (D:\latex\tex\latex\psnfss\t1pcr.fd
File: t1pcr.fd 2001/06/04 font definitions for T1/pcr.
) [28] [29] [30] [31]) [32]
(C:\Users\freak\Dropbox\offcalendar\mgr\rozdzial4.tex
Rozdzia\l  4.
[33



] [34] [35] [36] <signin.png, id=124, 441.90094pt x 330.48468pt>
File: signin.png Graphic file (type png)

<use signin.png>
Package pdftex.def Info: signin.png used on input line 139.
(pdftex.def)             Requested size: 227.62206pt x 170.23428pt.
 <register.png, id=125, 388.45125pt x 365.11406pt>
File: register.png Graphic file (type png)

<use register.png>
Package pdftex.def Info: register.png used on input line 145.
(pdftex.def)             Requested size: 227.62206pt x 213.9502pt.
 [37 <C:/Users/freak/Dropbox/offcalendar/mgr/signin.png> <C:/Users/freak/Dropbo
x/offcalendar/mgr/register.png>]
<add_event.png, id=130, 694.84593pt x 613.54219pt>
File: add_event.png Graphic file (type png)
 <use add_event.png>
Package pdftex.def Info: add_event.png used on input line 166.
(pdftex.def)             Requested size: 409.71692pt x 361.77144pt.
 [38 <C:/Users/freak/Dropbox/offcalendar/mgr/add_event.png>] [39] [40] [41] [42
]
[43] [44] [45] [46]
Underfull \vbox (badness 10000) has occurred while \output is active []

 [47]
<isOnline.png, id=162, 307.1475pt x 60.225pt>
File: isOnline.png Graphic file (type png)
 <use isOnline.png>
Package pdftex.def Info: isOnline.png used on input line 526.
(pdftex.def)             Requested size: 409.71692pt x 80.34174pt.

<isOffline.png, id=163, 306.39468pt x 60.225pt>
File: isOffline.png Graphic file (type png)
 <use isOffline.png>
Package pdftex.def Info: isOffline.png used on input line 532.
(pdftex.def)             Requested size: 409.71692pt x 80.5384pt.
 [48 <C:/Users/freak/Dropbox/offcalendar/mgr/isOnline.png> <C:/Users/freak/Drop
box/offcalendar/mgr/isOffline.png>]
Underfull \hbox (badness 10000) in paragraph at lines 565--566
[]\T1/ptm/m/n/10.95 W przy-padku gdy pro-ces syn-chro-ni-za-cji jest w trak-cie
 wy-ko-na-nia (atry-but In-de-
 []

[49]
Underfull \vbox (badness 4328) has occurred while \output is active []

 [50]
[51] [52] [53]
Underfull \vbox (badness 3557) has occurred while \output is active []

 [54]
Underfull \vbox (badness 6842) has occurred while \output is active []

 [55]
[56] [57]) [58] [59] (C:\Users\freak\Dropbox\offcalendar\mgr\rozdzial5.tex
Rozdzia\l  5.
[60



]
Underfull \hbox (badness 1924) in paragraph at lines 50--51
[]\T1/ptm/m/n/10.95 Do po-praw-nego po-ª¡-cze-nia z baz¡ da-nych ko-nieczna jes
t edy-cja da-nych znaj-du-j¡-cych si¦
 []

[61] [62] [63]) [64] (C:\Users\freak\Dropbox\offcalendar\mgr\rozdzial6.tex
Rozdzia\l  6.
) [65



] (C:\Users\freak\Dropbox\offcalendar\mgr\praca.bbl
Underfull \hbox (badness 10000) in paragraph at lines 38--43
$\T1/pcr/m/n/10.95 pl / 2012 / 07 / 29 / rest-[]ciekawszy-[]sposob-[]na-[]komun
ikacje-[]client-[]server /$
 []


Underfull \hbox (badness 10000) in paragraph at lines 45--49
[]\T1/ptm/m/n/10.95 Cezary So-ba-niec Je-rzy Brze-zi«-ski.  Usªugi sie-ciowe re
st.  $\T1/pcr/m/n/10.95 https :$
 []


Underfull \hbox (badness 10000) in paragraph at lines 45--49
$\T1/pcr/m/n/10.95 / / www . soa . edu . pl / c / document _ library / get _ fi
le ? uuid =$
 []


Underfull \hbox (badness 1789) in paragraph at lines 51--54
[]\T1/ptm/m/n/10.95 Architektura REST.  $\T1/pcr/m/n/10.95 http : / / www . sli
deshare . net / GeekGirlsCarrotsPoznan /$
 []

[66


]) [67] (C:\Users\freak\Dropbox\offcalendar\mgr\praca.aux
(C:\Users\freak\Dropbox\offcalendar\mgr\rozdzial1.aux)
(C:\Users\freak\Dropbox\offcalendar\mgr\rozdzial2.aux)
(C:\Users\freak\Dropbox\offcalendar\mgr\rozdzial3.aux)
(C:\Users\freak\Dropbox\offcalendar\mgr\rozdzial4.aux)
(C:\Users\freak\Dropbox\offcalendar\mgr\rozdzial5.aux)
(C:\Users\freak\Dropbox\offcalendar\mgr\rozdzial6.aux))

LaTeX Warning: There were multiply-defined labels.

 ) 
Here is how much of TeX's memory you used:
 5413 strings out of 494045
 69381 string characters out of 3156044
 239632 words of memory out of 3000000
 8540 multiletter control sequences out of 15000+200000
 80237 words of font info for 79 fonts, out of 3000000 for 9000
 715 hyphenation exceptions out of 8191
 36i,12n,45p,840b,1814s stack positions out of 5000i,500n,10000p,200000b,50000s
{D:/latex/fonts/enc/dvips/fontname/8r.enc}<D:/latex/fonts/type1/urw/courier/u
crr8a.pfb><D:/latex/fonts/type1/urw/helvetic/uhvb8a.pfb><D:/latex/fonts/type1/u
rw/helvetic/uhvr8a.pfb><D:/latex/fonts/type1/urw/helvetic/uhvro8a.pfb><D:/latex
/fonts/type1/urw/times/utmb8a.pfb><D:/latex/fonts/type1/urw/times/utmr8a.pfb><D
:/latex/fonts/type1/urw/times/utmr8a.pfb><D:/latex/fonts/type1/urw/times/utmri8
a.pfb>
Output written on praca.pdf (67 pages, 413437 bytes).
PDF statistics:
 259 PDF objects out of 1000 (max. 8388607)
 0 named destinations out of 1000 (max. 500000)
 31 words of extra memory for PDF output out of 10000 (max. 10000000)

